d:\bigengine\bigengine\bigengine\bin\debug\intermediates\vc141.pdb
d:\bigengine\bigengine\bigengine\bin\debug\intermediates\vc141.idb
d:\bigengine\bigengine\bigengine\bin\debug\intermediates\window.obj
d:\bigengine\bigengine\bigengine\bin\debug\intermediates\tinyxml2.obj
d:\bigengine\bigengine\bigengine\bin\debug\intermediates\stringhelper.obj
d:\bigengine\bigengine\bigengine\bin\debug\intermediates\main.obj
d:\bigengine\bigengine\bigengine\bin\debug\intermediates\loghandler.obj
d:\bigengine\bigengine\bigengine\bin\debug\intermediates\logfile.obj
d:\bigengine\bigengine\bigengine\bin\debug\intermediates\configfile.obj
d:\bigengine\bigengine\bigengine\bin\debug\intermediates\confighandler.obj
d:\bigengine\bigengine\bigengine\bin\debug\intermediates\engine.obj
d:\bigengine\bigengine\bigengine\bin\debug\intermediates\color.obj
d:\bigengine\bigengine\bigengine\bin\debug\bigengine.exe
d:\bigengine\bigengine\bigengine\bin\debug\bigengine.ilk
d:\bigengine\bigengine\bigengine\bin\debug\bigengine.pdb
d:\bigengine\bigengine\bigengine\\bin\debug\bigengine.pdb
d:\bigengine\bigengine\bigengine\\bin\debug\bigengine.exe
d:\bigengine\bigengine\bigengine\\bin\debug\bigengine.ilk
d:\bigengine\bigengine\bigengine\bin\debug\intermediates\bigengine.tlog\cl.command.1.tlog
d:\bigengine\bigengine\bigengine\bin\debug\intermediates\bigengine.tlog\cl.read.1.tlog
d:\bigengine\bigengine\bigengine\bin\debug\intermediates\bigengine.tlog\cl.write.1.tlog
d:\bigengine\bigengine\bigengine\bin\debug\intermediates\bigengine.tlog\link.command.1.tlog
d:\bigengine\bigengine\bigengine\bin\debug\intermediates\bigengine.tlog\link.read.1.tlog
d:\bigengine\bigengine\bigengine\bin\debug\intermediates\bigengine.tlog\link.write.1.tlog
